<?xml version="1.0" encoding="UTF-8"?>
<testng-results ignored="0" total="2" passed="2" failed="0" skipped="0">
  <reporter-output>
  </reporter-output>
  <suite started-at="2025-04-22T01:08:29 BDT" name="Default suite" finished-at="2025-04-22T01:08:42 BDT" duration-ms="12753">
    <groups>
    </groups>
    <test started-at="2025-04-22T01:08:29 BDT" name="Default test" finished-at="2025-04-22T01:08:42 BDT" duration-ms="12753">
      <class name="WebDriverNavigationCommands.NavigateToCommand">
        <test-method is-config="true" signature="startBrowser()[pri:0, instance:WebDriverNavigationCommands.NavigateToCommand@1a482e36]" started-at="2025-04-22T01:08:18 BDT" name="startBrowser" finished-at="2025-04-22T01:08:29 BDT" duration-ms="11475" status="PASS">
          <reporter-output>
          </reporter-output>
        </test-method> <!-- startBrowser -->
        <test-method signature="OpenUrl()[pri:0, instance:WebDriverNavigationCommands.NavigateToCommand@1a482e36]" started-at="2025-04-22T01:08:29 BDT" name="OpenUrl" finished-at="2025-04-22T01:08:32 BDT" duration-ms="2546" status="PASS">
          <reporter-output>
          </reporter-output>
        </test-method> <!-- OpenUrl -->
        <test-method signature="goBack()[pri:1, instance:WebDriverNavigationCommands.NavigateToCommand@1a482e36]" started-at="2025-04-22T01:08:32 BDT" name="goBack" finished-at="2025-04-22T01:08:42 BDT" duration-ms="10142" status="PASS">
          <reporter-output>
          </reporter-output>
        </test-method> <!-- goBack -->
        <test-method is-config="true" signature="closeBrowser()[pri:0, instance:WebDriverNavigationCommands.NavigateToCommand@1a482e36]" started-at="2025-04-22T01:08:42 BDT" name="closeBrowser" finished-at="2025-04-22T01:08:42 BDT" duration-ms="270" status="PASS">
          <reporter-output>
          </reporter-output>
        </test-method> <!-- closeBrowser -->
      </class> <!-- WebDriverNavigationCommands.NavigateToCommand -->
    </test> <!-- Default test -->
  </suite> <!-- Default suite -->
</testng-results>
