<?xml version="1.0" encoding="UTF-8"?>
<testng-results ignored="0" total="2" passed="2" failed="0" skipped="0">
  <reporter-output>
  </reporter-output>
  <suite started-at="2025-04-22T14:42:59 BDT" name="Default suite" finished-at="2025-04-22T14:43:06 BDT" duration-ms="6845">
    <groups>
    </groups>
    <test started-at="2025-04-22T14:42:59 BDT" name="Default test" finished-at="2025-04-22T14:43:06 BDT" duration-ms="6845">
      <class name="RadioButtonExamples.SingleRadioButton">
        <test-method is-config="true" signature="startBrowser()[pri:0, instance:RadioButtonExamples.SingleRadioButton@1a482e36]" started-at="2025-04-22T14:42:48 BDT" name="startBrowser" finished-at="2025-04-22T14:42:59 BDT" duration-ms="10620" status="PASS">
          <reporter-output>
          </reporter-output>
        </test-method> <!-- startBrowser -->
        <test-method signature="OpenUrl()[pri:0, instance:RadioButtonExamples.SingleRadioButton@1a482e36]" started-at="2025-04-22T14:42:59 BDT" name="OpenUrl" finished-at="2025-04-22T14:43:01 BDT" duration-ms="1706" status="PASS">
          <reporter-output>
          </reporter-output>
        </test-method> <!-- OpenUrl -->
        <test-method signature="RadioButton()[pri:1, instance:RadioButtonExamples.SingleRadioButton@1a482e36]" started-at="2025-04-22T14:43:01 BDT" name="RadioButton" finished-at="2025-04-22T14:43:06 BDT" duration-ms="5067" status="PASS">
          <reporter-output>
          </reporter-output>
        </test-method> <!-- RadioButton -->
        <test-method is-config="true" signature="closeBrowser()[pri:0, instance:RadioButtonExamples.SingleRadioButton@1a482e36]" started-at="2025-04-22T14:43:06 BDT" name="closeBrowser" finished-at="2025-04-22T14:43:06 BDT" duration-ms="112" status="PASS">
          <reporter-output>
          </reporter-output>
        </test-method> <!-- closeBrowser -->
      </class> <!-- RadioButtonExamples.SingleRadioButton -->
    </test> <!-- Default test -->
  </suite> <!-- Default suite -->
</testng-results>
